{"level":"info","message":"Server running on port 8000","service":"fun quizzes"}
{"level":"info","message":"Server running on port 8000","service":"fun quizzes"}
{"level":"info","message":"Server running on port 8000","service":"fun quizzes"}
{"level":"error","message":"Error in register controller SASL: SCRAM-SERVER-FIRST-MESSAGE: client password must be a string","service":"fun quizzes","stack":"Error: SASL: SCRAM-SERVER-FIRST-MESSAGE: client password must be a string\n    at /Users/markpc/Documents/My Projects/React/football_quiz_game/server/node_modules/pg-pool/index.js:45:11\n    at process.processTicksAndRejections (node:internal/process/task_queues:95:5)\n    at async register (/Users/markpc/Documents/My Projects/React/football_quiz_game/server/src/controllers/authControllers.js:14:22)"}
{"level":"error","message":"Error in register controller SASL: SCRAM-SERVER-FIRST-MESSAGE: client password must be a string","service":"fun quizzes","stack":"Error: SASL: SCRAM-SERVER-FIRST-MESSAGE: client password must be a string\n    at /Users/markpc/Documents/My Projects/React/football_quiz_game/server/node_modules/pg-pool/index.js:45:11\n    at process.processTicksAndRejections (node:internal/process/task_queues:95:5)\n    at async register (/Users/markpc/Documents/My Projects/React/football_quiz_game/server/src/controllers/authControllers.js:14:22)"}
{"level":"info","message":"Server running on port 8000","service":"fun quizzes"}
{"level":"error","message":"Error in register controller SASL: SCRAM-SERVER-FIRST-MESSAGE: client password must be a string","service":"fun quizzes","stack":"Error: SASL: SCRAM-SERVER-FIRST-MESSAGE: client password must be a string\n    at /Users/markpc/Documents/My Projects/React/football_quiz_game/server/node_modules/pg-pool/index.js:45:11\n    at process.processTicksAndRejections (node:internal/process/task_queues:95:5)\n    at async register (/Users/markpc/Documents/My Projects/React/football_quiz_game/server/src/controllers/authControllers.js:14:22)"}
{"level":"error","message":"Error in register controller SASL: SCRAM-SERVER-FIRST-MESSAGE: client password must be a string","service":"fun quizzes","stack":"Error: SASL: SCRAM-SERVER-FIRST-MESSAGE: client password must be a string\n    at /Users/markpc/Documents/My Projects/React/football_quiz_game/server/node_modules/pg-pool/index.js:45:11\n    at process.processTicksAndRejections (node:internal/process/task_queues:95:5)\n    at async register (/Users/markpc/Documents/My Projects/React/football_quiz_game/server/src/controllers/authControllers.js:14:22)"}
{"level":"info","message":"Server running on port 8000","service":"fun quizzes"}
{"level":"error","message":"Error in register controller SASL: SCRAM-SERVER-FIRST-MESSAGE: client password must be a string","service":"fun quizzes","stack":"Error: SASL: SCRAM-SERVER-FIRST-MESSAGE: client password must be a string\n    at /Users/markpc/Documents/My Projects/React/football_quiz_game/server/node_modules/pg-pool/index.js:45:11\n    at process.processTicksAndRejections (node:internal/process/task_queues:95:5)\n    at async register (/Users/markpc/Documents/My Projects/React/football_quiz_game/server/src/controllers/authControllers.js:18:22)"}
{"level":"info","message":"Server running on port 8000","service":"fun quizzes"}
{"level":"error","message":"Error in register controller SASL: SCRAM-SERVER-FIRST-MESSAGE: client password must be a string","service":"fun quizzes","stack":"Error: SASL: SCRAM-SERVER-FIRST-MESSAGE: client password must be a string\n    at /Users/markpc/Documents/My Projects/React/football_quiz_game/server/node_modules/pg-pool/index.js:45:11\n    at process.processTicksAndRejections (node:internal/process/task_queues:95:5)\n    at async register (/Users/markpc/Documents/My Projects/React/football_quiz_game/server/src/controllers/authControllers.js:18:22)"}
{"level":"error","message":"Error in register controller SASL: SCRAM-SERVER-FIRST-MESSAGE: client password must be a string","service":"fun quizzes","stack":"Error: SASL: SCRAM-SERVER-FIRST-MESSAGE: client password must be a string\n    at /Users/markpc/Documents/My Projects/React/football_quiz_game/server/node_modules/pg-pool/index.js:45:11\n    at process.processTicksAndRejections (node:internal/process/task_queues:95:5)\n    at async register (/Users/markpc/Documents/My Projects/React/football_quiz_game/server/src/controllers/authControllers.js:18:22)"}
{"level":"error","message":"Error in register controller SASL: SCRAM-SERVER-FIRST-MESSAGE: client password must be a string","service":"fun quizzes","stack":"Error: SASL: SCRAM-SERVER-FIRST-MESSAGE: client password must be a string\n    at /Users/markpc/Documents/My Projects/React/football_quiz_game/server/node_modules/pg-pool/index.js:45:11\n    at process.processTicksAndRejections (node:internal/process/task_queues:95:5)\n    at async register (/Users/markpc/Documents/My Projects/React/football_quiz_game/server/src/controllers/authControllers.js:18:22)"}
{"level":"info","message":"Server running on port 8000","service":"fun quizzes"}
{"level":"error","message":"Error in register controller SASL: SCRAM-SERVER-FIRST-MESSAGE: client password must be a string","service":"fun quizzes","stack":"Error: SASL: SCRAM-SERVER-FIRST-MESSAGE: client password must be a string\n    at /Users/markpc/Documents/My Projects/React/football_quiz_game/server/node_modules/pg-pool/index.js:45:11\n    at process.processTicksAndRejections (node:internal/process/task_queues:95:5)\n    at async register (/Users/markpc/Documents/My Projects/React/football_quiz_game/server/src/controllers/authControllers.js:18:22)"}
{"level":"info","message":"Server running on port 8000","service":"fun quizzes"}
{"code":"42601","file":"scan.l","length":90,"level":"error","line":"1248","message":"Error in register controller syntax error at or near \"(\"","name":"error","position":"10","routine":"scanner_yyerror","service":"fun quizzes","severity":"ERROR","stack":"error: syntax error at or near \"(\"\n    at /Users/markpc/Documents/My Projects/React/football_quiz_game/server/node_modules/pg-pool/index.js:45:11\n    at process.processTicksAndRejections (node:internal/process/task_queues:95:5)\n    at async register (/Users/markpc/Documents/My Projects/React/football_quiz_game/server/src/controllers/authControllers.js:18:22)"}
{"level":"info","message":"Server running on port 8000","service":"fun quizzes"}
{"level":"error","message":"Error in register controller SASL: SCRAM-SERVER-FIRST-MESSAGE: client password must be a string","service":"fun quizzes","stack":"Error: SASL: SCRAM-SERVER-FIRST-MESSAGE: client password must be a string\n    at /Users/markpc/Documents/My Projects/React/football_quiz_game/server/node_modules/pg-pool/index.js:45:11\n    at process.processTicksAndRejections (node:internal/process/task_queues:95:5)\n    at async register (/Users/markpc/Documents/My Projects/React/football_quiz_game/server/src/controllers/authControllers.js:18:22)"}
{"level":"info","message":"Server running on port 8000","service":"fun quizzes"}
{"level":"error","message":"Error in register controller SASL: SCRAM-SERVER-FIRST-MESSAGE: client password must be a string","service":"fun quizzes","stack":"Error: SASL: SCRAM-SERVER-FIRST-MESSAGE: client password must be a string\n    at /Users/markpc/Documents/My Projects/React/football_quiz_game/server/node_modules/pg-pool/index.js:45:11\n    at process.processTicksAndRejections (node:internal/process/task_queues:95:5)\n    at async register (/Users/markpc/Documents/My Projects/React/football_quiz_game/server/src/controllers/authControllers.js:18:22)"}
{"level":"info","message":"Server running on port 8000","service":"fun quizzes"}
{"level":"info","message":"Server running on port 8000","service":"fun quizzes"}
{"code":"42601","file":"scan.l","length":90,"level":"error","line":"1248","message":"Error in register controller syntax error at or near \"(\"","name":"error","position":"10","routine":"scanner_yyerror","service":"fun quizzes","severity":"ERROR","stack":"error: syntax error at or near \"(\"\n    at /Users/markpc/Documents/My Projects/React/football_quiz_game/server/node_modules/pg-pool/index.js:45:11\n    at process.processTicksAndRejections (node:internal/process/task_queues:95:5)\n    at async register (/Users/markpc/Documents/My Projects/React/football_quiz_game/server/src/controllers/authControllers.js:18:22)"}
{"level":"info","message":"Server running on port 8000","service":"fun quizzes"}
{"level":"info","message":"Server running on port 8000","service":"fun quizzes"}
{"code":"42601","file":"scan.l","length":90,"level":"error","line":"1248","message":"Error in register controller syntax error at or near \"(\"","name":"error","position":"10","routine":"scanner_yyerror","service":"fun quizzes","severity":"ERROR","stack":"error: syntax error at or near \"(\"\n    at /Users/markpc/Documents/My Projects/React/football_quiz_game/server/node_modules/pg-pool/index.js:45:11\n    at process.processTicksAndRejections (node:internal/process/task_queues:95:5)\n    at async register (/Users/markpc/Documents/My Projects/React/football_quiz_game/server/src/controllers/authControllers.js:18:22)"}
{"level":"info","message":"Server running on port 8000","service":"fun quizzes"}
{"code":"42601","file":"scan.l","length":90,"level":"error","line":"1248","message":"Error in register controller syntax error at or near \"(\"","name":"error","position":"10","routine":"scanner_yyerror","service":"fun quizzes","severity":"ERROR","stack":"error: syntax error at or near \"(\"\n    at /Users/markpc/Documents/My Projects/React/football_quiz_game/server/node_modules/pg-pool/index.js:45:11\n    at process.processTicksAndRejections (node:internal/process/task_queues:95:5)\n    at async register (/Users/markpc/Documents/My Projects/React/football_quiz_game/server/src/controllers/authControllers.js:18:22)"}
{"level":"info","message":"Server running on port 8000","service":"fun quizzes"}
{"level":"error","message":"Error in register controller email is not defined","service":"fun quizzes","stack":"ReferenceError: email is not defined\n    at generateRefreshToken (/Users/markpc/Documents/My Projects/React/football_quiz_game/server/src/helpers/token.js:38:33)\n    at register (/Users/markpc/Documents/My Projects/React/football_quiz_game/server/src/controllers/authControllers.js:39:26)\n    at process.processTicksAndRejections (node:internal/process/task_queues:95:5)"}
{"level":"info","message":"Server running on port 8000","service":"fun quizzes"}
{"level":"info","message":"Server running on port 8000","service":"fun quizzes"}
{"level":"info","message":"Server running on port 8000","service":"fun quizzes"}
{"level":"info","message":"Server running on port 8000","service":"fun quizzes"}
{"level":"info","message":"Server running on port 8000","service":"fun quizzes"}
{"level":"info","message":"Server running on port 8000","service":"fun quizzes"}
{"level":"info","message":"Server running on port 8000","service":"fun quizzes"}
{"level":"info","message":"Server running on port 8000","service":"fun quizzes"}
{"level":"info","message":"Server running on port 8000","service":"fun quizzes"}
{"level":"info","message":"Server running on port 8000","service":"fun quizzes"}
{"level":"info","message":"Server running on port 8000","service":"fun quizzes"}
{"level":"info","message":"Server running on port 8000","service":"fun quizzes"}
{"level":"info","message":"Server running on port 8000","service":"fun quizzes"}
{"level":"info","message":"Server running on port 8000","service":"fun quizzes"}
{"level":"info","message":"Server running on port 8000","service":"fun quizzes"}
{"level":"info","message":"Server running on port 8000","service":"fun quizzes"}
{"level":"info","message":"Server running on port 8000","service":"fun quizzes"}
{"level":"info","message":"Server running on port 8000","service":"fun quizzes"}
{"level":"info","message":"Server running on port 8000","service":"fun quizzes"}
{"level":"info","message":"Server running on port 8000","service":"fun quizzes"}
{"level":"info","message":"Server running on port 8000","service":"fun quizzes"}
{"level":"info","message":"Server running on port 8000","service":"fun quizzes"}
{"level":"info","message":"Server running on port 8000","service":"fun quizzes"}
{"level":"info","message":"Server running on port 8000","service":"fun quizzes"}
{"level":"info","message":"Server running on port 8000","service":"fun quizzes"}
{"level":"info","message":"Server running on port 8000","service":"fun quizzes"}
{"level":"info","message":"Server running on port 8000","service":"fun quizzes"}
{"level":"info","message":"Server running on port 8000","service":"fun quizzes"}
{"level":"info","message":"Server running on port 8000","service":"fun quizzes"}
{"level":"info","message":"Server running on port 8000","service":"fun quizzes"}
{"level":"info","message":"Server running on port 8000","service":"fun quizzes"}
{"level":"info","message":"Server running on port 8000","service":"fun quizzes"}
{"level":"info","message":"Server running on port 8000","service":"fun quizzes"}
{"level":"info","message":"Server running on port 8000","service":"fun quizzes"}
{"level":"error","message":"Error in login controller Cannot read properties of undefined (reading 'exists')","service":"fun quizzes","stack":"TypeError: Cannot read properties of undefined (reading 'exists')\n    at login (/Users/markpc/Documents/My Projects/React/football_quiz_game/server/src/controllers/authControllers.js:77:21)\n    at process.processTicksAndRejections (node:internal/process/task_queues:95:5)"}
{"level":"info","message":"Server running on port 8000","service":"fun quizzes"}
{"level":"info","message":"Server running on port 8000","service":"fun quizzes"}
{"level":"error","message":"Error in login controller data and hash arguments required","service":"fun quizzes","stack":"Error: data and hash arguments required\n    at Object.compare (/Users/markpc/Documents/My Projects/React/football_quiz_game/server/node_modules/bcrypt/bcrypt.js:208:17)\n    at /Users/markpc/Documents/My Projects/React/football_quiz_game/server/node_modules/bcrypt/promises.js:29:12\n    at new Promise (<anonymous>)\n    at module.exports.promise (/Users/markpc/Documents/My Projects/React/football_quiz_game/server/node_modules/bcrypt/promises.js:20:12)\n    at Object.compare (/Users/markpc/Documents/My Projects/React/football_quiz_game/server/node_modules/bcrypt/bcrypt.js:204:25)\n    at login (/Users/markpc/Documents/My Projects/React/football_quiz_game/server/src/controllers/authControllers.js:82:40)\n    at process.processTicksAndRejections (node:internal/process/task_queues:95:5)"}
{"level":"info","message":"Server running on port 8000","service":"fun quizzes"}
{"level":"info","message":"Server running on port 8000","service":"fun quizzes"}
{"level":"info","message":"Server running on port 8000","service":"fun quizzes"}
{"level":"info","message":"Server running on port 8000","service":"fun quizzes"}
{"?column?":1,"level":"info","message":"User found","service":"fun quizzes"}
{"level":"info","message":"Server running on port 8000","service":"fun quizzes"}
{"level":"info","message":{"?column?":1},"service":"fun quizzes"}
{"level":"info","message":"Server running on port 8000","service":"fun quizzes"}
{"level":"info","service":"fun quizzes"}
{"level":"info","message":"Server running on port 8000","service":"fun quizzes"}
{"code":"42601","file":"scan.l","length":95,"level":"error","line":"1248","message":"Error in login controller syntax error at or near \"SELECT\"","name":"error","position":"15","routine":"scanner_yyerror","service":"fun quizzes","severity":"ERROR","stack":"error: syntax error at or near \"SELECT\"\n    at /Users/markpc/Documents/My Projects/React/football_quiz_game/server/node_modules/pg-pool/index.js:45:11\n    at process.processTicksAndRejections (node:internal/process/task_queues:95:5)\n    at async login (/Users/markpc/Documents/My Projects/React/football_quiz_game/server/src/controllers/authControllers.js:70:22)"}
{"level":"info","message":"Server running on port 8000","service":"fun quizzes"}
{"level":"info","service":"fun quizzes"}
{"level":"info","message":"Server running on port 8000","service":"fun quizzes"}
{"level":"info","service":"fun quizzes"}
{"level":"info","message":"Server running on port 8000","service":"fun quizzes"}
{"level":"info","message":"Server running on port 8000","service":"fun quizzes"}
{"level":"info","message":"test@example.com","service":"fun quizzes"}
{"level":"info","message":"Server running on port 8000","service":"fun quizzes"}
{"level":"info","message":"Server running on port 8000","service":"fun quizzes"}
{"level":"info","message":"test@example.com","service":"fun quizzes"}
{"level":"info","message":"Server running on port 8000","service":"fun quizzes"}
{"level":"info","message":"test@example.com","service":"fun quizzes"}
{"level":"info","message":"$2b$10$gcO7PJjQnZh/zPm76Jtf4Ov7r2VbeaTG/bT5.XS9okl7fiDRtShPK","service":"fun quizzes"}
{"level":"info","message":"Server running on port 8000","service":"fun quizzes"}
{"level":"info","message":"Server running on port 8000","service":"fun quizzes"}
{"level":"info","message":"Server running on port 8000","service":"fun quizzes"}
{"level":"info","message":"Server running on port 8000","service":"fun quizzes"}
{"level":"info","message":"Server running on port 8000","service":"fun quizzes"}
{"level":"info","message":"Server running on port 8000","service":"fun quizzes"}
{"level":"info","message":"Server running on port 8000","service":"fun quizzes"}
{"level":"info","message":"Server running on port 8000","service":"fun quizzes"}
{"level":"info","message":"Server running on port 8000","service":"fun quizzes"}
{"level":"info","message":"Server running on port 8000","service":"fun quizzes"}
{"level":"info","message":"Server running on port 8000","service":"fun quizzes"}
{"level":"info","message":"Server running on port 8000","service":"fun quizzes"}
{"level":"info","message":"Server running on port 8000","service":"fun quizzes"}
{"level":"info","message":"Server running on port 8000","service":"fun quizzes"}
{"level":"info","message":"Server running on port 8000","service":"fun quizzes"}
{"level":"info","message":"Server running on port 8000","service":"fun quizzes"}
{"level":"info","message":"Server running on port 8000","service":"fun quizzes"}
{"level":"info","message":"Server running on port 8000","service":"fun quizzes"}
{"level":"info","message":"Server running on port 8000","service":"fun quizzes"}
{"level":"info","message":"Server running on port 8000","service":"fun quizzes"}
{"level":"info","message":"Server running on port 8000","service":"fun quizzes"}
{"level":"info","message":"Server running on port 8000","service":"fun quizzes"}
{"level":"info","message":"Server running on port 8000","service":"fun quizzes"}
{"level":"info","message":"Server running on port 8000","service":"fun quizzes"}
{"level":"info","message":"Server running on port 8000","service":"fun quizzes"}
{"level":"info","message":"Server running on port 8000","service":"fun quizzes"}
{"level":"info","message":"Server running on port 8000","service":"fun quizzes"}
{"level":"info","message":"Server running on port 8000","service":"fun quizzes"}
{"level":"info","message":"Server running on port 8000","service":"fun quizzes"}
{"level":"info","message":"Server running on port 8000","service":"fun quizzes"}
{"level":"info","message":"Server running on port 8000","service":"fun quizzes"}
{"level":"info","message":"Server running on port 8000","service":"fun quizzes"}
{"level":"info","message":"Server running on port 8000","service":"fun quizzes"}
{"level":"info","message":"Server running on port 8000","service":"fun quizzes"}
{"level":"info","message":"Server running on port 8000","service":"fun quizzes"}
{"level":"info","message":"Server running on port 8000","service":"fun quizzes"}
{"level":"info","message":"Server running on port 8000","service":"fun quizzes"}
{"level":"info","message":"Server running on port 8000","service":"fun quizzes"}
{"level":"info","message":"Server running on port 8000","service":"fun quizzes"}
{"level":"info","message":"Server running on port 8000","service":"fun quizzes"}
{"level":"info","message":"Server running on port 8000","service":"fun quizzes"}
{"level":"info","message":"Server running on port 8000","service":"fun quizzes"}
{"level":"info","message":"Server running on port 8000","service":"fun quizzes"}
{"level":"info","message":"Server running on port 8000","service":"fun quizzes"}
{"level":"info","message":"Server running on port 8000","service":"fun quizzes"}
{"level":"info","message":"Server running on port 8000","service":"fun quizzes"}
{"level":"info","message":"Server running on port 8000","service":"fun quizzes"}
{"level":"info","message":"Server running on port 8000","service":"fun quizzes"}
{"level":"info","message":"Server running on port 8000","service":"fun quizzes"}
{"level":"info","message":"Server running on port 8000","service":"fun quizzes"}
{"level":"info","message":"Server running on port 8000","service":"fun quizzes"}
{"level":"info","message":"Server running on port 8000","service":"fun quizzes"}
{"level":"info","message":"Server running on port 8000","service":"fun quizzes"}
{"level":"info","message":"Server running on port 8000","service":"fun quizzes"}
{"code":"42703","file":"analyze.c","length":139,"level":"error","line":"2536","message":"Error in forgot password controller column \"rest_password_token\" of relation \"users\" does not exist","name":"error","position":"18","routine":"transformUpdateTargetList","service":"fun quizzes","severity":"ERROR","stack":"error: column \"rest_password_token\" of relation \"users\" does not exist\n    at /Users/markpc/Documents/My Projects/React/football_quiz_game/server/node_modules/pg-pool/index.js:45:11\n    at process.processTicksAndRejections (node:internal/process/task_queues:95:5)\n    at async forgotPassword (/Users/markpc/Documents/My Projects/React/football_quiz_game/server/src/controllers/authControllers.js:205:5)"}
{"level":"info","message":"Server running on port 8000","service":"fun quizzes"}
{"code":"22008","file":"datetime.c","hint":"Perhaps you need a different \"datestyle\" setting.","length":205,"level":"error","line":"4110","message":"Error in forgot password controller date/time field value out of range: \"1745798267573\"","name":"error","routine":"DateTimeParseError","service":"fun quizzes","severity":"ERROR","stack":"error: date/time field value out of range: \"1745798267573\"\n    at /Users/markpc/Documents/My Projects/React/football_quiz_game/server/node_modules/pg-pool/index.js:45:11\n    at process.processTicksAndRejections (node:internal/process/task_queues:95:5)\n    at async forgotPassword (/Users/markpc/Documents/My Projects/React/football_quiz_game/server/src/controllers/authControllers.js:205:5)","where":"unnamed portal parameter $2 = '...'"}
{"level":"info","message":"Server running on port 8000","service":"fun quizzes"}
{"level":"info","message":"Server running on port 8000","service":"fun quizzes"}
{"level":"info","message":"Server running on port 8000","service":"fun quizzes"}
{"level":"info","message":"Server running on port 8000","service":"fun quizzes"}
{"level":"info","message":"Server running on port 8000","service":"fun quizzes"}
{"level":"info","message":"Server running on port 8000","service":"fun quizzes"}
{"level":"info","message":"Server running on port 8000","service":"fun quizzes"}
{"level":"info","message":"Server running on port 8000","service":"fun quizzes"}
{"level":"info","message":"Server running on port 8000","service":"fun quizzes"}
{"level":"info","message":"Server running on port 8000","service":"fun quizzes"}
{"level":"info","message":"Server running on port 8000","service":"fun quizzes"}
{"level":"info","message":"Server running on port 8000","service":"fun quizzes"}
{"level":"info","message":"Server running on port 8000","service":"fun quizzes"}
{"level":"info","message":"Server running on port 8000","service":"fun quizzes"}
{"level":"info","message":"Server running on port 8000","service":"fun quizzes"}
{"level":"info","message":"Server running on port 8000","service":"fun quizzes"}
{"level":"info","message":"Server running on port 8000","service":"fun quizzes"}
{"level":"info","message":"Server running on port 8000","service":"fun quizzes"}
{"level":"info","message":"Server running on port 8000","service":"fun quizzes"}
{"level":"info","message":"Server running on port 8000","service":"fun quizzes"}
{"level":"info","message":"Server running on port 8000","service":"fun quizzes"}
{"level":"info","message":"Server running on port 8000","service":"fun quizzes"}
{"level":"info","message":"Server running on port 8000","service":"fun quizzes"}
{"level":"error","message":"Error in reset password controller crypto.createHash is not a function","service":"fun quizzes","stack":"TypeError: crypto.createHash is not a function\n    at resetPassword (/Users/markpc/Documents/My Projects/React/football_quiz_game/server/src/controllers/authControllers.js:230:8)\n    at Layer.handleRequest (/Users/markpc/Documents/My Projects/React/football_quiz_game/server/node_modules/router/lib/layer.js:152:17)\n    at next (/Users/markpc/Documents/My Projects/React/football_quiz_game/server/node_modules/router/lib/route.js:157:13)\n    at Route.dispatch (/Users/markpc/Documents/My Projects/React/football_quiz_game/server/node_modules/router/lib/route.js:117:3)\n    at handle (/Users/markpc/Documents/My Projects/React/football_quiz_game/server/node_modules/router/index.js:435:11)\n    at Layer.handleRequest (/Users/markpc/Documents/My Projects/React/football_quiz_game/server/node_modules/router/lib/layer.js:152:17)\n    at /Users/markpc/Documents/My Projects/React/football_quiz_game/server/node_modules/router/index.js:295:15\n    at processParams (/Users/markpc/Documents/My Projects/React/football_quiz_game/server/node_modules/router/index.js:582:12)\n    at next (/Users/markpc/Documents/My Projects/React/football_quiz_game/server/node_modules/router/index.js:291:5)\n    at Function.handle (/Users/markpc/Documents/My Projects/React/football_quiz_game/server/node_modules/router/index.js:186:3)"}
{"level":"error","message":"Error in reset password controller crypto.createHash is not a function","service":"fun quizzes","stack":"TypeError: crypto.createHash is not a function\n    at resetPassword (/Users/markpc/Documents/My Projects/React/football_quiz_game/server/src/controllers/authControllers.js:230:8)\n    at Layer.handleRequest (/Users/markpc/Documents/My Projects/React/football_quiz_game/server/node_modules/router/lib/layer.js:152:17)\n    at next (/Users/markpc/Documents/My Projects/React/football_quiz_game/server/node_modules/router/lib/route.js:157:13)\n    at Route.dispatch (/Users/markpc/Documents/My Projects/React/football_quiz_game/server/node_modules/router/lib/route.js:117:3)\n    at handle (/Users/markpc/Documents/My Projects/React/football_quiz_game/server/node_modules/router/index.js:435:11)\n    at Layer.handleRequest (/Users/markpc/Documents/My Projects/React/football_quiz_game/server/node_modules/router/lib/layer.js:152:17)\n    at /Users/markpc/Documents/My Projects/React/football_quiz_game/server/node_modules/router/index.js:295:15\n    at processParams (/Users/markpc/Documents/My Projects/React/football_quiz_game/server/node_modules/router/index.js:582:12)\n    at next (/Users/markpc/Documents/My Projects/React/football_quiz_game/server/node_modules/router/index.js:291:5)\n    at Function.handle (/Users/markpc/Documents/My Projects/React/football_quiz_game/server/node_modules/router/index.js:186:3)"}
{"level":"info","message":"Server running on port 8000","service":"fun quizzes"}
{"level":"info","message":"Server running on port 8000","service":"fun quizzes"}
{"level":"info","message":"Server running on port 8000","service":"fun quizzes"}
{"level":"info","message":"Server running on port 8000","service":"fun quizzes"}
{"level":"info","message":"Server running on port 8000","service":"fun quizzes"}
{"level":"info","message":"Server running on port 8000","service":"fun quizzes"}
{"level":"info","message":"Server running on port 8000","service":"fun quizzes"}
{"level":"info","message":"Server running on port 8000","service":"fun quizzes"}
{"level":"info","message":"Server running on port 8000","service":"fun quizzes"}
{"level":"info","message":"Server running on port 8000","service":"fun quizzes"}
{"level":"info","message":"Server running on port 8000","service":"fun quizzes"}
{"level":"info","message":"Server running on port 8000","service":"fun quizzes"}
{"level":"info","message":"Server running on port 8000","service":"fun quizzes"}
{"level":"info","message":"Server running on port 8000","service":"fun quizzes"}
{"level":"info","message":"Server running on port 8000","service":"fun quizzes"}
{"level":"error","message":"Error in login controller Cannot read properties of undefined (reading 'username')","service":"fun quizzes","stack":"TypeError: Cannot read properties of undefined (reading 'username')\n    at login (/Users/markpc/Documents/My Projects/React/football_quiz_game/server/src/controllers/authControllers.js:82:15)\n    at process.processTicksAndRejections (node:internal/process/task_queues:95:5)"}
{"level":"info","message":"Server running on port 8000","service":"fun quizzes"}
{"level":"info","message":"Server running on port 8000","service":"fun quizzes"}
{"level":"info","message":"Server running on port 8000","service":"fun quizzes"}
{"level":"info","message":"Server running on port 8000","service":"fun quizzes"}
{"level":"info","message":"Server running on port 8000","service":"fun quizzes"}
{"level":"info","message":"Server running on port 8000","service":"fun quizzes"}
{"level":"info","message":"Server running on port 8000","service":"fun quizzes"}
{"level":"info","message":"Server running on port 8000","service":"fun quizzes"}
{"level":"info","message":"Server running on port 8000","service":"fun quizzes"}
{"level":"info","message":"Server running on port 8000","service":"fun quizzes"}
{"level":"info","message":"Server running on port 8000","service":"fun quizzes"}
{"level":"info","message":"Server running on port 8000","service":"fun quizzes"}
{"level":"info","message":"Server running on port 8000","service":"fun quizzes"}
{"level":"info","message":"Server running on port 8000","service":"fun quizzes"}
{"level":"info","message":"Server running on port 8000","service":"fun quizzes"}
{"level":"info","message":"Server running on port 8000","service":"fun quizzes"}
{"level":"info","message":"Server running on port 8000","service":"fun quizzes"}
{"level":"info","message":"Server running on port 8000","service":"fun quizzes"}
{"level":"info","message":"Server running on port 8000","service":"fun quizzes"}
{"level":"info","message":"Server running on port 8000","service":"fun quizzes"}
{"level":"info","message":"Server running on port 8000","service":"fun quizzes"}
{"level":"info","message":"Server running on port 8000","service":"fun quizzes"}
{"level":"info","message":"Server running on port 8000","service":"fun quizzes"}
{"level":"info","message":"Server running on port 8000","service":"fun quizzes"}
{"level":"info","message":"Server running on port 8000","service":"fun quizzes"}
{"level":"info","message":"Server running on port 8000","service":"fun quizzes"}
{"level":"info","message":"Server running on port 8000","service":"fun quizzes"}
{"level":"info","message":"Server running on port 8000","service":"fun quizzes"}
{"level":"info","message":"Server running on port 8000","service":"fun quizzes"}
{"level":"info","message":"Server running on port 8000","service":"fun quizzes"}
{"level":"info","message":"Server running on port 8000","service":"fun quizzes"}
{"level":"info","message":"Server running on port 8000","service":"fun quizzes"}
{"level":"info","message":"User data retrieved for user: [object Object]","service":"fun quizzes"}
{"level":"info","message":"Server running on port 8000","service":"fun quizzes"}
{"level":"info","message":"Server running on port 8000","service":"fun quizzes"}
{"level":"info","message":"Server running on port 8000","service":"fun quizzes"}
{"level":"info","message":"Server running on port 8000","service":"fun quizzes"}
{"level":"info","message":"User data retrieved for user: [object Object]","service":"fun quizzes"}
{"level":"info","message":"Server running on port 8000","service":"fun quizzes"}
{"level":"info","message":"User data retrieved for user: [object Object]","service":"fun quizzes"}
{"level":"info","message":"Server running on port 8000","service":"fun quizzes"}
{"level":"info","message":"User data retrieved for user: kolizak","service":"fun quizzes"}
{"level":"info","message":"Server running on port 8000","service":"fun quizzes"}
{"level":"info","message":"User data retrieved for user: [object Object]","service":"fun quizzes"}
{"level":"info","message":"Server running on port 8000","service":"fun quizzes"}
{"level":"info","message":"Server running on port 8000","service":"fun quizzes"}
{"level":"info","message":"User data retrieved for user: [object Object]","service":"fun quizzes"}
{"level":"info","message":"User data retrieved for user: [object Object]","service":"fun quizzes"}
{"level":"info","message":"Server running on port 8000","service":"fun quizzes"}
{"level":"info","message":"Server running on port 8000","service":"fun quizzes"}
{"level":"info","message":"Server running on port 8000","service":"fun quizzes"}
{"level":"info","message":"Server running on port 8000","service":"fun quizzes"}
{"level":"info","message":"Server running on port 8000","service":"fun quizzes"}
{"level":"info","message":"User data retrieved for user: [object Object]","service":"fun quizzes"}
{"level":"info","message":"User data retrieved for user: [object Object]","service":"fun quizzes"}
{"level":"info","message":"User data retrieved for user: [object Object]","service":"fun quizzes"}
{"level":"info","message":"User data retrieved for user: [object Object]","service":"fun quizzes"}
{"level":"info","message":"User data retrieved for user: [object Object]","service":"fun quizzes"}
{"level":"info","message":"User data retrieved for user: [object Object]","service":"fun quizzes"}
{"level":"info","message":"User data retrieved for user: [object Object]","service":"fun quizzes"}
{"level":"info","message":"User data retrieved for user: [object Object]","service":"fun quizzes"}
{"level":"info","message":"User data retrieved for user: [object Object]","service":"fun quizzes"}
{"level":"info","message":"User data retrieved for user: [object Object]","service":"fun quizzes"}
{"level":"info","message":"User data retrieved for user: [object Object]","service":"fun quizzes"}
